This is pdfTeX, Version 3.14159265-2.6-1.40.15 (TeX Live 2014) (preloaded format=pdflatex 2014.8.20)  23 MAR 2015 14:57
entering extended mode
 restricted \write18 enabled.
 %&-line parsing enabled.
**\input Manual.tex
(./Manual.tex
(/usr/local/texlive/2014basic/texmf-dist/tex/latex/base/report.cls
Document Class: report 2007/10/19 v1.4h Standard LaTeX document class
(/usr/local/texlive/2014basic/texmf-dist/tex/latex/base/size11.clo
File: size11.clo 2007/10/19 v1.4h Standard LaTeX file (size option)
)
\c@part=\count79
\c@chapter=\count80
\c@section=\count81
\c@subsection=\count82
\c@subsubsection=\count83
\c@paragraph=\count84
\c@subparagraph=\count85
\c@figure=\count86
\c@table=\count87
\abovecaptionskip=\skip41
\belowcaptionskip=\skip42
\bibindent=\dimen102
)
(/usr/local/texlive/2014basic/texmf-dist/tex/latex/graphics/graphicx.sty
Package: graphicx 2014/04/25 v1.0g Enhanced LaTeX Graphics (DPC,SPQR)

(/usr/local/texlive/2014basic/texmf-dist/tex/latex/graphics/keyval.sty
Package: keyval 2014/05/08 v1.15 key=value parser (DPC)
\KV@toks@=\toks14
)
(/usr/local/texlive/2014basic/texmf-dist/tex/latex/graphics/graphics.sty
Package: graphics 2009/02/05 v1.0o Standard LaTeX Graphics (DPC,SPQR)

(/usr/local/texlive/2014basic/texmf-dist/tex/latex/graphics/trig.sty
Package: trig 1999/03/16 v1.09 sin cos tan (DPC)
)
(/usr/local/texlive/2014basic/texmf-dist/tex/latex/latexconfig/graphics.cfg
File: graphics.cfg 2010/04/23 v1.9 graphics configuration of TeX Live
)
Package graphics Info: Driver file: pdftex.def on input line 91.

(/usr/local/texlive/2014basic/texmf-dist/tex/latex/pdftex-def/pdftex.def
File: pdftex.def 2011/05/27 v0.06d Graphics/color for pdfTeX

(/usr/local/texlive/2014basic/texmf-dist/tex/generic/oberdiek/infwarerr.sty
Package: infwarerr 2010/04/08 v1.3 Providing info/warning/error messages (HO)
)
(/usr/local/texlive/2014basic/texmf-dist/tex/generic/oberdiek/ltxcmds.sty
Package: ltxcmds 2011/11/09 v1.22 LaTeX kernel commands for general use (HO)
)
\Gread@gobject=\count88
))
\Gin@req@height=\dimen103
\Gin@req@width=\dimen104
)
(/usr/local/texlive/2014basic/texmf-dist/tex/latex/setspace/setspace.sty
Package: setspace 2011/12/19 v6.7a set line spacing
)
(/usr/local/texlive/2014basic/texmf-dist/tex/latex/graphics/color.sty
Package: color 2014/04/23 v1.1a Standard LaTeX Color (DPC)

(/usr/local/texlive/2014basic/texmf-dist/tex/latex/latexconfig/color.cfg
File: color.cfg 2007/01/18 v1.5 color configuration of teTeX/TeXLive
)
Package color Info: Driver file: pdftex.def on input line 137.
)
(/usr/local/texlive/2014basic/texmf-dist/tex/latex/float/float.sty
Package: float 2001/11/08 v1.3d Float enhancements (AL)
\c@float@type=\count89
\float@exts=\toks15
\float@box=\box26
\@float@everytoks=\toks16
\@floatcapt=\box27
)
(./enumitem.sty
Package: enumitem 2011/09/28 v3.5.2 Customized lists
\labelindent=\skip43
\enit@outerparindent=\dimen105
\enit@toks=\toks17
\enit@inbox=\box28
\enitdp@description=\count90
)
(/usr/local/texlive/2014basic/texmf-dist/tex/latex/listings/listings.sty
\lst@mode=\count91
\lst@gtempboxa=\box29
\lst@token=\toks18
\lst@length=\count92
\lst@currlwidth=\dimen106
\lst@column=\count93
\lst@pos=\count94
\lst@lostspace=\dimen107
\lst@width=\dimen108
\lst@newlines=\count95
\lst@lineno=\count96
\lst@maxwidth=\dimen109

(/usr/local/texlive/2014basic/texmf-dist/tex/latex/listings/lstmisc.sty
File: lstmisc.sty 2014/03/04 1.5c (Carsten Heinz)
\c@lstnumber=\count97
\lst@skipnumbers=\count98
\lst@framebox=\box30
)
(/usr/local/texlive/2014basic/texmf-dist/tex/latex/listings/listings.cfg
File: listings.cfg 2014/03/04 1.5c listings configuration
))
Package: listings 2014/03/04 1.5c (Carsten Heinz)


LaTeX Warning: Unused global option(s):
    [a4].

(./Manual.aux)
\openout1 = `Manual.aux'.

LaTeX Font Info:    Checking defaults for OML/cmm/m/it on input line 28.
LaTeX Font Info:    ... okay on input line 28.
LaTeX Font Info:    Checking defaults for T1/cmr/m/n on input line 28.
LaTeX Font Info:    ... okay on input line 28.
LaTeX Font Info:    Checking defaults for OT1/cmr/m/n on input line 28.
LaTeX Font Info:    ... okay on input line 28.
LaTeX Font Info:    Checking defaults for OMS/cmsy/m/n on input line 28.
LaTeX Font Info:    ... okay on input line 28.
LaTeX Font Info:    Checking defaults for OMX/cmex/m/n on input line 28.
LaTeX Font Info:    ... okay on input line 28.
LaTeX Font Info:    Checking defaults for U/cmr/m/n on input line 28.
LaTeX Font Info:    ... okay on input line 28.

(/usr/local/texlive/2014basic/texmf-dist/tex/context/base/supp-pdf.mkii
[Loading MPS to PDF converter (version 2006.09.02).]
\scratchcounter=\count99
\scratchdimen=\dimen110
\scratchbox=\box31
\nofMPsegments=\count100
\nofMParguments=\count101
\everyMPshowfont=\toks19
\MPscratchCnt=\count102
\MPscratchDim=\dimen111
\MPnumerator=\count103
\makeMPintoPDFobject=\count104
\everyMPtoPDFconversion=\toks20
) (/usr/local/texlive/2014basic/texmf-dist/tex/generic/oberdiek/pdftexcmds.sty
Package: pdftexcmds 2011/11/29 v0.20 Utility functions of pdfTeX for LuaTeX (HO
)

(/usr/local/texlive/2014basic/texmf-dist/tex/generic/oberdiek/ifluatex.sty
Package: ifluatex 2010/03/01 v1.3 Provides the ifluatex switch (HO)
Package ifluatex Info: LuaTeX not detected.
)
(/usr/local/texlive/2014basic/texmf-dist/tex/generic/oberdiek/ifpdf.sty
Package: ifpdf 2011/01/30 v2.3 Provides the ifpdf switch (HO)
Package ifpdf Info: pdfTeX in PDF mode is detected.
)
Package pdftexcmds Info: LuaTeX not detected.
Package pdftexcmds Info: \pdf@primitive is available.
Package pdftexcmds Info: \pdf@ifprimitive is available.
Package pdftexcmds Info: \pdfdraftmode found.
)
(/usr/local/texlive/2014basic/texmf-dist/tex/latex/oberdiek/epstopdf-base.sty
Package: epstopdf-base 2010/02/09 v2.5 Base part for package epstopdf

(/usr/local/texlive/2014basic/texmf-dist/tex/latex/oberdiek/grfext.sty
Package: grfext 2010/08/19 v1.1 Manage graphics extensions (HO)

(/usr/local/texlive/2014basic/texmf-dist/tex/generic/oberdiek/kvdefinekeys.sty
Package: kvdefinekeys 2011/04/07 v1.3 Define keys (HO)
)) (/usr/local/texlive/2014basic/texmf-dist/tex/latex/oberdiek/kvoptions.sty
Package: kvoptions 2011/06/30 v3.11 Key value format for package options (HO)

(/usr/local/texlive/2014basic/texmf-dist/tex/generic/oberdiek/kvsetkeys.sty
Package: kvsetkeys 2012/04/25 v1.16 Key value parser (HO)

(/usr/local/texlive/2014basic/texmf-dist/tex/generic/oberdiek/etexcmds.sty
Package: etexcmds 2011/02/16 v1.5 Avoid name clashes with e-TeX commands (HO)
Package etexcmds Info: Could not find \expanded.
(etexcmds)             That can mean that you are not using pdfTeX 1.50 or
(etexcmds)             that some package has redefined \expanded.
(etexcmds)             In the latter case, load this package earlier.
)))
Package grfext Info: Graphics extension search list:
(grfext)             [.png,.pdf,.jpg,.mps,.jpeg,.jbig2,.jb2,.PNG,.PDF,.JPG,.JPE
G,.JBIG2,.JB2,.eps]
(grfext)             \AppendGraphicsExtensions on input line 452.

(/usr/local/texlive/2014basic/texmf-dist/tex/latex/latexconfig/epstopdf-sys.cfg
File: epstopdf-sys.cfg 2010/07/13 v1.3 Configuration of (r)epstopdf for TeX Liv
e
))
\c@lstlisting=\count105
 <images/pirana_logo.jpg, id=1, 1003.75pt x 602.25pt>
File: images/pirana_logo.jpg Graphic file (type jpg)

<use images/pirana_logo.jpg>
Package pdftex.def Info: images/pirana_logo.jpg used on input line 46.
(pdftex.def)             Requested size: 200.74644pt x 120.44786pt.
LaTeX Font Info:    External font `cmex10' loaded for size
(Font)              <8> on input line 46.
LaTeX Font Info:    External font `cmex10' loaded for size
(Font)              <6> on input line 46.
LaTeX Font Info:    External font `cmex10' loaded for size
(Font)              <5> on input line 46.
LaTeX Font Info:    External font `cmex10' loaded for size
(Font)              <12> on input line 46.


LaTeX Warning: No \author given.

[1

{/usr/local/texlive/2014basic/texmf-var/fonts/map/pdftex/updmap/pdftex.map} <./
images/pirana_logo.jpg>] (./Manual.toc
LaTeX Font Info:    External font `cmex10' loaded for size
(Font)              <10.95> on input line 3.
 [1

])
\tf@toc=\write3
\openout3 = `Manual.toc'.

 (./manual_body.tex [2]
Chapter 1.

Underfull \hbox (badness 10000) in paragraph at lines 4--7

 []


Underfull \hbox (badness 10000) in paragraph at lines 8--14

 []

[3

] [4]
Chapter 2.

Overfull \hbox (39.92451pt too wide) in paragraph at lines 48--51
\OT1/cmss/m/n/10.95 rec-om-mended. The lat-est ver-sion of PsN can be ob-tained
 from []http://psn.sourceforge.net/[]. 
 []

[5

] [6] [7] [8] [9]

LaTeX Font Warning: Font shape `OT1/cmss/m/it' in size <10.95> not available
(Font)              Font shape `OT1/cmss/m/sl' tried instead on input line 229.


[10] [11]
Chapter 3.
<images/pirana_main_screen.png, id=48, 1176.395pt x 721.69624pt>
File: images/pirana_main_screen.png Graphic file (type png)

<use images/pirana_main_screen.png>
Package pdftex.def Info: images/pirana_main_screen.png used on input line 272.
(pdftex.def)             Requested size: 294.09804pt x 180.42361pt.
 [12

] [13 <./images/pirana_main_screen.png>] <images/duplicate.png, id=58, 618.31pt
 x 373.395pt>
File: images/duplicate.png Graphic file (type png)

<use images/duplicate.png>
Package pdftex.def Info: images/duplicate.png used on input line 334.
(pdftex.def)             Requested size: 247.31961pt x 149.35535pt.
 [14 <./images/duplicate.png>] [15]
<images/nonmem_settings.png, id=65, 955.57pt x 626.34pt>
File: images/nonmem_settings.png Graphic file (type png)

<use images/nonmem_settings.png>
Package pdftex.def Info: images/nonmem_settings.png used on input line 407.
(pdftex.def)             Requested size: 296.22363pt x 194.16339pt.
 [16 <./images/nonmem_settings.png>] [17]
<images/nmfe_run.png, id=72, 614.295pt x 328.22626pt>
File: images/nmfe_run.png Graphic file (type png)

<use images/nmfe_run.png>
Package pdftex.def Info: images/nmfe_run.png used on input line 461.
(pdftex.def)             Requested size: 307.14674pt x 164.11272pt.

<images/settingsparallization.png, id=73, 1005.7575pt x 642.4pt>
File: images/settingsparallization.png Graphic file (type png)

<use images/settingsparallization.png>
Package pdftex.def Info: images/settingsparallization.png used on input line 47
4.
(pdftex.def)             Requested size: 271.55815pt x 173.45032pt.
 [18

 <./images/nmfe_run.png>] [19 <./images/settingsparallization.png>]
<images/Figure2_4_PsNdialog2.png, id=81, 669.50125pt x 393.47pt>
File: images/Figure2_4_PsNdialog2.png Graphic file (type png)

<use images/Figure2_4_PsNdialog2.png>
Package pdftex.def Info: images/Figure2_4_PsNdialog2.png used on input line 494
.
(pdftex.def)             Requested size: 281.18861pt x 165.25626pt.
 [20

 <./images/Figure2_4_PsNdialog2.png>]

LaTeX Font Warning: Font shape `OT1/cmss/m/it' in size <8> not available
(Font)              Font shape `OT1/cmss/m/sl' tried instead on input line 522.


[21] <images/estimates_window.png, id=89, 500.87125pt x 582.175pt>
File: images/estimates_window.png Graphic file (type png)

<use images/estimates_window.png>
Package pdftex.def Info: images/estimates_window.png used on input line 554.
(pdftex.def)             Requested size: 150.26253pt x 174.65384pt.
 [22

]
<images/compare_estimates.png, id=93, 800.9925pt x 735.74875pt>
File: images/compare_estimates.png Graphic file (type png)

<use images/compare_estimates.png>
Package pdftex.def Info: images/compare_estimates.png used on input line 559.
(pdftex.def)             Requested size: 240.29959pt x 220.72632pt.

Underfull \hbox (badness 10000) in paragraph at lines 564--572

 []

[23 <./images/estimates_window.png> <./images/compare_estimates.png>]
Underfull \hbox (badness 10000) in paragraph at lines 573--578

 []

<images/intermed.png, id=99, 942.52126pt x 761.84625pt>
File: images/intermed.png Graphic file (type png)

<use images/intermed.png>
Package pdftex.def Info: images/intermed.png used on input line 607.
(pdftex.def)             Requested size: 282.75856pt x 228.55563pt.
 [24]
<images/vrr.png, id=111, 630.6762pt x 335.3328pt>
File: images/vrr.png Graphic file (type png)
 <use images/vrr.png>
Package pdftex.def Info: images/vrr.png used on input line 629.
(pdftex.def)             Requested size: 296.41785pt x 157.60643pt.
 [25 <./images/intermed.png>] <images/plot.png, id=116, 775.89874pt x 658.46pt>
File: images/plot.png Graphic file (type png)

<use images/plot.png>
Package pdftex.def Info: images/plot.png used on input line 663.
(pdftex.def)             Requested size: 271.56862pt x 230.46445pt.
 [26 <./images/vrr.png>] [27 <./images/plot.png>] [28]
<images/interactive_scripts.png, id=128, 439.6425pt x 250.9375pt>
File: images/interactive_scripts.png Graphic file (type png)

<use images/interactive_scripts.png>
Package pdftex.def Info: images/interactive_scripts.png used on input line 760.

(pdftex.def)             Requested size: 219.82071pt x 125.46843pt.

<images/xposewindow.png, id=129, 553.06625pt x 512.91624pt>
File: images/xposewindow.png Graphic file (type png)

<use images/xposewindow.png>
Package pdftex.def Info: images/xposewindow.png used on input line 781.
(pdftex.def)             Requested size: 276.53244pt x 256.45749pt.
 [29 <./images/interactive_scripts.png>] [30 <./images/xposewindow.png>] [31]
LaTeX Font Info:    External font `cmex10' loaded for size
(Font)              <9> on input line 870.
 [32]
<images/diff.png, id=147, 1060.96375pt x 769.87625pt>
File: images/diff.png Graphic file (type png)
 <use images/diff.png>
Package pdftex.def Info: images/diff.png used on input line 928.
(pdftex.def)             Requested size: 297.06783pt x 215.56387pt.

[33] <images/modelbackup.png, id=151, 763.85374pt x 484.81125pt>
File: images/modelbackup.png Graphic file (type png)

<use images/modelbackup.png>
Package pdftex.def Info: images/modelbackup.png used on input line 946.
(pdftex.def)             Requested size: 267.35281pt x 169.68648pt.
 [34 <./images/diff.png>]
<images/cor.png, id=156, 1053.9375pt x 396.48125pt>
File: images/cor.png Graphic file (type png)
 <use images/cor.png>
Package pdftex.def Info: images/cor.png used on input line 958.
(pdftex.def)             Requested size: 295.1005pt x 111.01398pt.

[35 <./images/modelbackup.png> <./images/cor.png>]
LaTeX Font Info:    Try loading font information for OMS+cmss on input line 100
9.
LaTeX Font Info:    No file OMScmss.fd. on input line 1009.


LaTeX Font Warning: Font shape `OMS/cmss/m/n' undefined
(Font)              using `OMS/cmsy/m/n' instead
(Font)              for symbol `textbullet' on input line 1009.

Missing character: There is no ï in font cmss8!
Missing character: There is no ¿ in font cmss8!
Missing character: There is no ½ in font cmss8!
[36] [37

] [38] [39

]
Overfull \hbox (32.36812pt too wide) in paragraph at lines 1179--1187
[]\OT1/cmss/m/sl/10.95 On startup of Pi-rana on Win-dows, it com-plains that it
 can't find the file libgcc[]s[]dw2/1.dll,
 []

[40] [41] [42

]
Chapter 4.

Underfull \hbox (badness 10000) in paragraph at lines 1275--1287

 []

[43

]
Overfull \hbox (140.60394pt too wide) in paragraph at lines 1329--1334
\OT1/cmss/m/n/10.95 or Mac. On Win-dows, we have good ex-pe-ri-ences with PuTTY
 (http://www.chiark.greenend.org.uk/$\OMS/cmss/m/n/10.95 ^^X$\OT1/cmss/m/n/10.9
5 sgtatham/putty/)
 []

[44]
Underfull \hbox (badness 10000) in paragraph at lines 1358--1359

 []

[45] <images/Figure3_1_SGEmonitor.png, id=193, 655.44875pt x 553.06625pt>
File: images/Figure3_1_SGEmonitor.png Graphic file (type png)

<use images/Figure3_1_SGEmonitor.png>
Package pdftex.def Info: images/Figure3_1_SGEmonitor.png used on input line 140
1.
(pdftex.def)             Requested size: 196.63614pt x 165.92114pt.
 (./amw_tutorial.tex [46 <./images/Figure3_1_SGEmonitor.png>]
Chapter 5.
LaTeX Font Info:    Try loading font information for OML+cmss on input line 11.

LaTeX Font Info:    No file OMLcmss.fd. on input line 11.

LaTeX Font Warning: Font shape `OML/cmss/m/n' undefined
(Font)              using `OML/cmm/m/it' instead
(Font)              for symbol `textgreater' on input line 11.

<images/screen1.png, id=198, 498.86375pt x 470.75874pt>
File: images/screen1.png Graphic file (type png)

<use images/screen1.png>
Package pdftex.def Info: images/screen1.png used on input line 36.
(pdftex.def)             Requested size: 249.43126pt x 235.3788pt.
 [47

]
<images/compare.png, id=202, 619.31375pt x 218.8175pt>
File: images/compare.png Graphic file (type png)

<use images/compare.png>
Package pdftex.def Info: images/compare.png used on input line 54.
(pdftex.def)             Requested size: 309.65611pt x 109.40848pt.
 [48 <./images/screen1.png>]
<images/screen2.png, id=208, 434.62375pt x 501.875pt>
File: images/screen2.png Graphic file (type png)
 <use images/screen2.png>
Package pdftex.def Info: images/screen2.png used on input line 84.
(pdftex.def)             Requested size: 217.31134pt x 250.93687pt.

<images/screen3.png, id=209, 409.53pt x 409.53pt>
File: images/screen3.png Graphic file (type png)
 <use images/screen3.png>
Package pdftex.def Info: images/screen3.png used on input line 120.
(pdftex.def)             Requested size: 204.7645pt x 204.7645pt.

[49 <./images/compare.png>] [50 <./images/screen2.png>]
<images/psn_simple.png, id=219, 643.40375pt x 313.17pt>
File: images/psn_simple.png Graphic file (type png)

<use images/psn_simple.png>
Package pdftex.def Info: images/psn_simple.png used on input line 137.
(pdftex.def)             Requested size: 321.70108pt x 156.58461pt.

<images/run_r.png, id=220, 292.09125pt x 592.2125pt>
File: images/run_r.png Graphic file (type png)
 <use images/run_r.png>
Package pdftex.def Info: images/run_r.png used on input line 152.
(pdftex.def)             Requested size: 146.04526pt x 296.10551pt.

[51 <./images/screen3.png>] [52 <./images/psn_simple.png> <./images/run_r.png>]
<images/report.png, id=230, 999.735pt x 716.6775pt>
File: images/report.png Graphic file (type png)
 <use images/report.png>
Package pdftex.def Info: images/report.png used on input line 179.
(pdftex.def)             Requested size: 499.86627pt x 358.33788pt.

Overfull \hbox (101.5277pt too wide) in paragraph at lines 179--180
 [][] 
 []

) [53 <./images/report.png>]
Chapter 6.
<images/cpirana_main.png, id=235, 1023.825pt x 622.325pt>
File: images/cpirana_main.png Graphic file (type png)

<use images/cpirana_main.png>
Package pdftex.def Info: images/cpirana_main.png used on input line 1451.
(pdftex.def)             Requested size: 307.14987pt x 186.69893pt.
 [54

] [55 <./images/cpirana_main.png>] [56]
Chapter 7.
[57

] [58] [59]
Chapter 8.

Overfull \hbox (37.4417pt too wide) in paragraph at lines 1613--1620
\OT1/cmss/m/n/10.95 If you find any bugs, please re-port them at the sup-port s
ec-tion of our web-site (http://www.pirana-
 []

) [60

] (./Manual.aux)

LaTeX Font Warning: Some font shapes were not available, defaults substituted.

 )
(\end occurred inside a group at level 4)

### simple group (level 4) entered at line 580 ({)
### simple group (level 3) entered at line 522 ({)
### simple group (level 2) entered at line 382 ({)
### simple group (level 1) entered at line 220 ({)
### bottom level 
Here is how much of TeX's memory you used:
 3317 strings out of 494522
 50481 string characters out of 6167205
 144850 words of memory out of 5000000
 6510 multiletter control sequences out of 15000+600000
 14059 words of font info for 49 fonts, out of 8000000 for 9000
 319 hyphenation exceptions out of 8191
 38i,8n,32p,1046b,1733s stack positions out of 5000i,500n,10000p,200000b,80000s
</usr/local/texlive/2014basic/texmf-dist/fonts/type1/public/ams
fonts/cm/cmmi10.pfb></usr/local/texlive/2014basic/texmf-dist/fonts/type1/public
/amsfonts/cm/cmmi5.pfb></usr/local/texlive/2014basic/texmf-dist/fonts/type1/pub
lic/amsfonts/cm/cmmi6.pfb></usr/local/texlive/2014basic/texmf-dist/fonts/type1/
public/amsfonts/cm/cmmi8.pfb></usr/local/texlive/2014basic/texmf-dist/fonts/typ
e1/public/amsfonts/cm/cmr10.pfb></usr/local/texlive/2014basic/texmf-dist/fonts/
type1/public/amsfonts/cm/cmr5.pfb></usr/local/texlive/2014basic/texmf-dist/font
s/type1/public/amsfonts/cm/cmr6.pfb></usr/local/texlive/2014basic/texmf-dist/fo
nts/type1/public/amsfonts/cm/cmr8.pfb></usr/local/texlive/2014basic/texmf-dist/
fonts/type1/public/amsfonts/cm/cmss10.pfb></usr/local/texlive/2014basic/texmf-d
ist/fonts/type1/public/amsfonts/cm/cmss8.pfb></usr/local/texlive/2014basic/texm
f-dist/fonts/type1/public/amsfonts/cm/cmss9.pfb></usr/local/texlive/2014basic/t
exmf-dist/fonts/type1/public/amsfonts/cm/cmssbx10.pfb></usr/local/texlive/2014b
asic/texmf-dist/fonts/type1/public/amsfonts/cm/cmssi10.pfb></usr/local/texlive/
2014basic/texmf-dist/fonts/type1/public/amsfonts/cm/cmssi8.pfb></usr/local/texl
ive/2014basic/texmf-dist/fonts/type1/public/amsfonts/cm/cmsy10.pfb></usr/local/
texlive/2014basic/texmf-dist/fonts/type1/public/amsfonts/cm/cmsy6.pfb></usr/loc
al/texlive/2014basic/texmf-dist/fonts/type1/public/amsfonts/cm/cmsy8.pfb></usr/
local/texlive/2014basic/texmf-dist/fonts/type1/public/amsfonts/cm/cmtt10.pfb>
Output written on Manual.pdf (61 pages, 1455932 bytes).
PDF statistics:
 318 PDF objects out of 1000 (max. 8388607)
 192 compressed objects within 2 object streams
 0 named destinations out of 1000 (max. 500000)
 131 words of extra memory for PDF output out of 10000 (max. 10000000)

